<?xml version="1.0" encoding="UTF-8"?>
<!-- Generated by org.testng.reporters.JUnitReportReporter -->
<testsuite hostname="DVCINH6097663" failures="0" tests="5" name="com.automation.Rest.AppTest" time="7.916" errors="0" timestamp="2022-09-11T19:20:39 IST" skipped="0">
  <testcase classname="com.automation.Rest.AppTest" name="getListOfAvailableEmployee" time="4.185"/>
  <system-out/>
  <testcase classname="com.automation.Rest.AppTest" name="getEmployeeByID" time="0.395"/>
  <system-out/>
  <testcase classname="com.automation.Rest.AppTest" name="CreateEmployee" time="1.852"/>
  <system-out/>
  <testcase classname="com.automation.Rest.AppTest" name="updateJobValue" time="0.815"/>
  <system-out/>
  <testcase classname="com.automation.Rest.AppTest" name="deleteEmployee" time="0.669"/>
  <system-out/>
</testsuite> <!-- com.automation.Rest.AppTest -->
